<?xml version="1.0" encoding="UTF-8"?>
<!-- Generated by org.testng.reporters.JUnitXMLReporter -->
<testsuite ignored="0" hostname="BINTERNS-QA35L" failures="0" tests="21" name="Surefire test" time="40.066" errors="0" timestamp="2023-05-12T15:13:43 IST">
  <testcase classname="test_method.PharmEasy_Healthacremodule" name="Healthcare_module" time="1.601"/>
  <testcase classname="test_method.PharmEasy_Healthacremodule" name="Topcare_Healthcare_module" time="3.153"/>
  <testcase classname="test_method.PharmEasy_Healthacremodule" name="Diabetic_Healthcare_module" time="1.078"/>
  <testcase classname="test_method.PharmEasy_Healthacremodule" name="Everherb_Healthcare_module" time="1.081"/>
  <testcase classname="test_method.PharmEasy_Healthacremodule" name="Pharmeasy_Healthcare_module" time="1.085"/>
  <testcase classname="test_method.PharmEasy_Healthacremodule" name="Popularity_Healthcare_module" time="4.153"/>
  <testcase classname="test_method.PharmEasy_Healthacremodule" name="All_categories_Healthcare_module" time="1.239"/>
  <testcase classname="test_method.PharmEasy_Healthacremodule" name="Mostloved_Healthcare_module" time="3.443"/>
  <testcase classname="test_method.PharmEasy_Healthacremodule" name="Mostlovedpopularity_Healthcare_module" time="4.162"/>
  <testcase classname="test_method.PharmEasy_Healthacremodule" name="All_categoriesback_Healthcare_module" time="1.189"/>
  <testcase classname="test_method.PharmEasy_Healthacremodule" name="Personalcare_Healthcare_module" time="1.459"/>
  <testcase classname="test_method.PharmEasy_Healthacremodule" name="Appliacnes_Personalcare_Healthcare_module" time="1.112"/>
  <testcase classname="test_method.PharmEasy_Healthacremodule" name="Oralcare_Personalcare_Healthcare_module" time="1.086"/>
  <testcase classname="test_method.PharmEasy_Healthacremodule" name="Anchor_Personalcare_Healthcare_module" time="1.082"/>
  <testcase classname="test_method.PharmEasy_Healthacremodule" name="Brand_Personalcare_Healthcare_module" time="1.082"/>
  <testcase classname="test_method.PharmEasy_Healthacremodule" name="Popularitypc_Healthcare_module" time="4.136"/>
  <testcase classname="test_method.PharmEasy_Healthacremodule" name="All_categoriesReback_Healthcare_module" time="1.284"/>
  <testcase classname="test_method.PharmEasy_Healthacremodule" name="Fitness_Healthcare_module" time="3.11"/>
  <testcase classname="test_method.PharmEasy_Healthacremodule" name="Viewmore_Healthcare_module" time="1.071"/>
  <testcase classname="test_method.PharmEasy_Healthacremodule" name="Specialitysupplements_Healthcare_module" time="1.057"/>
  <testcase classname="test_method.PharmEasy_Healthacremodule" name="Apply_Healthcare_module" time="1.095"/>
</testsuite> <!-- Surefire test -->
