<?xml version="1.0" encoding="UTF-8"?>
<!-- Generated by org.testng.reporters.JUnitXMLReporter -->
<testsuite ignored="2" hostname="BINTERNS-QA35L" failures="0" tests="13" name="Default test" time="19.314" errors="0" timestamp="2023-05-15T11:45:51 IST">
  <testcase classname="test_method.Pharmeasy_offermodule" name="Offers" time="3.729"/>
  <testcase classname="test_method.Pharmeasy_offermodule" name="Offers_payment" time="1.113"/>
  <testcase classname="test_method.Pharmeasy_offermodule" name="Healthcare_offer" time="1.08"/>
  <testcase classname="test_method.Pharmeasy_offermodule" name="Diagnostic_offer" time="1.091"/>
  <testcase classname="test_method.Pharmeasy_offermodule" name="Offers_medicine" time="1.097"/>
  <testcase classname="test_method.Pharmeasy_offermodule" name="Move1_offer" time="1.828"/>
  <testcase classname="test_method.Pharmeasy_offermodule" name="Reback_offer" time="1.57"/>
  <testcase classname="test_method.Pharmeasy_offermodule" name="Move3_offer" time="1.602"/>
  <testcase classname="test_method.Pharmeasy_offermodule" name="Reback1_offer" time="1.248"/>
  <testcase classname="test_method.Pharmeasy_offermodule" name="Table_offer" time="1.065"/>
  <testcase classname="test_method.Pharmeasy_offermodule" name="Q1_offer" time="1.094"/>
  <testcase classname="test_method.Pharmeasy_offermodule" name="Q2_offer" time="1.085"/>
  <testcase classname="test_method.Pharmeasy_offermodule" name="Q3_offer" time="1.085"/>
  <testcase classname="test_method.Pharmeasy_offermodule" name="Code2_offer" time="0.0">
    <ignored/>
  </testcase> <!-- Code2_offer -->
  <testcase classname="test_method.Pharmeasy_offermodule" name="Code1_offer" time="0.0">
    <ignored/>
  </testcase> <!-- Code1_offer -->
</testsuite> <!-- Default test -->
