<?xml version="1.0" encoding="UTF-8"?>
<testsuite xmlns:xsi="http://www.w3.org/2001/XMLSchema-instance" xsi:noNamespaceSchemaLocation="https://maven.apache.org/surefire/maven-surefire-plugin/xsd/surefire-test-report-3.0.xsd" version="3.0" name="test_method.PharmEasy_Healthacremodule" time="47.257" tests="21" errors="0" skipped="0" failures="0">
  <properties>
[...]
</properties>
  <testcase name="Healthcare_module" classname="test_method.PharmEasy_Healthacremodule" time="1.595">
    <system-err><![CDATA[SLF4J: Failed to load class "org.slf4j.impl.StaticLoggerBinder".
SLF4J: Defaulting to no-operation (NOP) logger implementation
SLF4J: See http://www.slf4j.org/codes.html#StaticLoggerBinder for further details.
Starting ChromeDriver 112.0.5615.49 (bd2a7bcb881c11e8cfe3078709382934e3916914-refs/branch-heads/5615@{#936}) on port 29859
Only local connections are allowed.
Please see https://chromedriver.chromium.org/security-considerations for suggestions on keeping ChromeDriver safe.
ChromeDriver was started successfully.
May 12, 2023 3:12:58 PM org.openqa.selenium.devtools.CdpVersionFinder findNearestMatch
WARNING: Unable to find an exact match for CDP version 112, so returning the closest version found: 111
]]></system-err>
  </testcase>
  <testcase name="Topcare_Healthcare_module" classname="test_method.PharmEasy_Healthacremodule" time="3.153"/>
  <testcase name="Diabetic_Healthcare_module" classname="test_method.PharmEasy_Healthacremodule" time="1.079"/>
  <testcase name="Everherb_Healthcare_module" classname="test_method.PharmEasy_Healthacremodule" time="1.081"/>
  <testcase name="Pharmeasy_Healthcare_module" classname="test_method.PharmEasy_Healthacremodule" time="1.085"/>
  <testcase name="Popularity_Healthcare_module" classname="test_method.PharmEasy_Healthacremodule" time="4.153"/>
  <testcase name="All_categories_Healthcare_module" classname="test_method.PharmEasy_Healthacremodule" time="1.238"/>
  <testcase name="Mostloved_Healthcare_module" classname="test_method.PharmEasy_Healthacremodule" time="3.442"/>
  <testcase name="Mostlovedpopularity_Healthcare_module" classname="test_method.PharmEasy_Healthacremodule" time="4.162"/>
  <testcase name="All_categoriesback_Healthcare_module" classname="test_method.PharmEasy_Healthacremodule" time="1.188"/>
  <testcase name="Personalcare_Healthcare_module" classname="test_method.PharmEasy_Healthacremodule" time="1.459"/>
  <testcase name="Appliacnes_Personalcare_Healthcare_module" classname="test_method.PharmEasy_Healthacremodule" time="1.112"/>
  <testcase name="Oralcare_Personalcare_Healthcare_module" classname="test_method.PharmEasy_Healthacremodule" time="1.086"/>
  <testcase name="Anchor_Personalcare_Healthcare_module" classname="test_method.PharmEasy_Healthacremodule" time="1.082"/>
  <testcase name="Brand_Personalcare_Healthcare_module" classname="test_method.PharmEasy_Healthacremodule" time="1.082"/>
  <testcase name="Popularitypc_Healthcare_module" classname="test_method.PharmEasy_Healthacremodule" time="4.136"/>
  <testcase name="All_categoriesReback_Healthcare_module" classname="test_method.PharmEasy_Healthacremodule" time="1.284"/>
  <testcase name="Fitness_Healthcare_module" classname="test_method.PharmEasy_Healthacremodule" time="3.11"/>
  <testcase name="Viewmore_Healthcare_module" classname="test_method.PharmEasy_Healthacremodule" time="1.072"/>
  <testcase name="Specialitysupplements_Healthcare_module" classname="test_method.PharmEasy_Healthacremodule" time="1.057"/>
  <testcase name="Apply_Healthcare_module" classname="test_method.PharmEasy_Healthacremodule" time="1.095"/>
</testsuite>