<?xml version="1.0" encoding="UTF-8"?>
<testng-results ignored="2" total="15" passed="13" failed="0" skipped="0">
  <reporter-output>
  </reporter-output>
  <suite started-at="2023-05-15T11:45:32 IST" name="Default suite" finished-at="2023-05-15T11:45:51 IST" duration-ms="19314">
    <groups>
    </groups>
    <test started-at="2023-05-15T11:45:32 IST" name="Default test" finished-at="2023-05-15T11:45:51 IST" duration-ms="19314">
      <class name="test_method.Pharmeasy_offermodule">
        <test-method is-config="true" signature="Launch()[pri:0, instance:test_method.Pharmeasy_offermodule@69e153c5]" started-at="2023-05-15T11:45:21 IST" name="Launch" finished-at="2023-05-15T11:45:32 IST" duration-ms="11141" status="PASS">
          <reporter-output>
          </reporter-output>
        </test-method> <!-- Launch -->
        <test-method is-config="true" signature="x()[pri:0, instance:test_method.Pharmeasy_offermodule@69e153c5]" started-at="2023-05-15T11:45:32 IST" name="x" finished-at="2023-05-15T11:45:32 IST" duration-ms="169" status="PASS">
          <reporter-output>
          </reporter-output>
        </test-method> <!-- x -->
        <test-method signature="Offers()[pri:1, instance:test_method.Pharmeasy_offermodule@69e153c5]" started-at="2023-05-15T11:45:32 IST" name="Offers" finished-at="2023-05-15T11:45:36 IST" duration-ms="3729" status="PASS">
          <reporter-output>
          </reporter-output>
        </test-method> <!-- Offers -->
        <test-method is-config="true" signature="run1()[pri:0, instance:test_method.Pharmeasy_offermodule@69e153c5]" started-at="2023-05-15T11:45:36 IST" name="run1" finished-at="2023-05-15T11:45:36 IST" duration-ms="0" status="PASS">
          <reporter-output>
          </reporter-output>
        </test-method> <!-- run1 -->
        <test-method signature="Offers_payment()[pri:2, instance:test_method.Pharmeasy_offermodule@69e153c5]" started-at="2023-05-15T11:45:36 IST" name="Offers_payment" finished-at="2023-05-15T11:45:37 IST" duration-ms="1113" status="PASS">
          <reporter-output>
          </reporter-output>
        </test-method> <!-- Offers_payment -->
        <test-method is-config="true" signature="run1()[pri:0, instance:test_method.Pharmeasy_offermodule@69e153c5]" started-at="2023-05-15T11:45:37 IST" name="run1" finished-at="2023-05-15T11:45:37 IST" duration-ms="1" status="PASS">
          <reporter-output>
          </reporter-output>
        </test-method> <!-- run1 -->
        <test-method signature="Healthcare_offer()[pri:3, instance:test_method.Pharmeasy_offermodule@69e153c5]" started-at="2023-05-15T11:45:37 IST" name="Healthcare_offer" finished-at="2023-05-15T11:45:38 IST" duration-ms="1080" status="PASS">
          <reporter-output>
          </reporter-output>
        </test-method> <!-- Healthcare_offer -->
        <test-method is-config="true" signature="run1()[pri:0, instance:test_method.Pharmeasy_offermodule@69e153c5]" started-at="2023-05-15T11:45:38 IST" name="run1" finished-at="2023-05-15T11:45:38 IST" duration-ms="1" status="PASS">
          <reporter-output>
          </reporter-output>
        </test-method> <!-- run1 -->
        <test-method signature="Diagnostic_offer()[pri:4, instance:test_method.Pharmeasy_offermodule@69e153c5]" started-at="2023-05-15T11:45:38 IST" name="Diagnostic_offer" finished-at="2023-05-15T11:45:39 IST" duration-ms="1091" status="PASS">
          <reporter-output>
          </reporter-output>
        </test-method> <!-- Diagnostic_offer -->
        <test-method is-config="true" signature="run1()[pri:0, instance:test_method.Pharmeasy_offermodule@69e153c5]" started-at="2023-05-15T11:45:39 IST" name="run1" finished-at="2023-05-15T11:45:39 IST" duration-ms="1" status="PASS">
          <reporter-output>
          </reporter-output>
        </test-method> <!-- run1 -->
        <test-method signature="Offers_medicine()[pri:5, instance:test_method.Pharmeasy_offermodule@69e153c5]" started-at="2023-05-15T11:45:39 IST" name="Offers_medicine" finished-at="2023-05-15T11:45:40 IST" duration-ms="1097" status="PASS">
          <reporter-output>
          </reporter-output>
        </test-method> <!-- Offers_medicine -->
        <test-method is-config="true" signature="run1()[pri:0, instance:test_method.Pharmeasy_offermodule@69e153c5]" started-at="2023-05-15T11:45:40 IST" name="run1" finished-at="2023-05-15T11:45:40 IST" duration-ms="0" status="PASS">
          <reporter-output>
          </reporter-output>
        </test-method> <!-- run1 -->
        <test-method signature="Move1_offer()[pri:6, instance:test_method.Pharmeasy_offermodule@69e153c5]" started-at="2023-05-15T11:45:40 IST" name="Move1_offer" finished-at="2023-05-15T11:45:42 IST" duration-ms="1828" status="PASS">
          <reporter-output>
          </reporter-output>
        </test-method> <!-- Move1_offer -->
        <test-method is-config="true" signature="run1()[pri:0, instance:test_method.Pharmeasy_offermodule@69e153c5]" started-at="2023-05-15T11:45:42 IST" name="run1" finished-at="2023-05-15T11:45:42 IST" duration-ms="0" status="PASS">
          <reporter-output>
          </reporter-output>
        </test-method> <!-- run1 -->
        <test-method signature="Reback_offer()[pri:8, instance:test_method.Pharmeasy_offermodule@69e153c5]" started-at="2023-05-15T11:45:42 IST" name="Reback_offer" finished-at="2023-05-15T11:45:44 IST" duration-ms="1570" status="PASS">
          <reporter-output>
          </reporter-output>
        </test-method> <!-- Reback_offer -->
        <test-method is-config="true" signature="run1()[pri:0, instance:test_method.Pharmeasy_offermodule@69e153c5]" started-at="2023-05-15T11:45:44 IST" name="run1" finished-at="2023-05-15T11:45:44 IST" duration-ms="0" status="PASS">
          <reporter-output>
          </reporter-output>
        </test-method> <!-- run1 -->
        <test-method signature="Move3_offer()[pri:10, instance:test_method.Pharmeasy_offermodule@69e153c5]" started-at="2023-05-15T11:45:44 IST" name="Move3_offer" finished-at="2023-05-15T11:45:45 IST" duration-ms="1602" status="PASS">
          <reporter-output>
          </reporter-output>
        </test-method> <!-- Move3_offer -->
        <test-method is-config="true" signature="run1()[pri:0, instance:test_method.Pharmeasy_offermodule@69e153c5]" started-at="2023-05-15T11:45:45 IST" name="run1" finished-at="2023-05-15T11:45:45 IST" duration-ms="0" status="PASS">
          <reporter-output>
          </reporter-output>
        </test-method> <!-- run1 -->
        <test-method signature="Reback1_offer()[pri:11, instance:test_method.Pharmeasy_offermodule@69e153c5]" started-at="2023-05-15T11:45:45 IST" name="Reback1_offer" finished-at="2023-05-15T11:45:47 IST" duration-ms="1248" status="PASS">
          <reporter-output>
          </reporter-output>
        </test-method> <!-- Reback1_offer -->
        <test-method is-config="true" signature="run1()[pri:0, instance:test_method.Pharmeasy_offermodule@69e153c5]" started-at="2023-05-15T11:45:47 IST" name="run1" finished-at="2023-05-15T11:45:47 IST" duration-ms="0" status="PASS">
          <reporter-output>
          </reporter-output>
        </test-method> <!-- run1 -->
        <test-method signature="Table_offer()[pri:12, instance:test_method.Pharmeasy_offermodule@69e153c5]" started-at="2023-05-15T11:45:47 IST" name="Table_offer" finished-at="2023-05-15T11:45:48 IST" duration-ms="1065" status="PASS">
          <reporter-output>
          </reporter-output>
        </test-method> <!-- Table_offer -->
        <test-method is-config="true" signature="run1()[pri:0, instance:test_method.Pharmeasy_offermodule@69e153c5]" started-at="2023-05-15T11:45:48 IST" name="run1" finished-at="2023-05-15T11:45:48 IST" duration-ms="0" status="PASS">
          <reporter-output>
          </reporter-output>
        </test-method> <!-- run1 -->
        <test-method signature="Q1_offer()[pri:13, instance:test_method.Pharmeasy_offermodule@69e153c5]" started-at="2023-05-15T11:45:48 IST" name="Q1_offer" finished-at="2023-05-15T11:45:49 IST" duration-ms="1094" status="PASS">
          <reporter-output>
          </reporter-output>
        </test-method> <!-- Q1_offer -->
        <test-method is-config="true" signature="run1()[pri:0, instance:test_method.Pharmeasy_offermodule@69e153c5]" started-at="2023-05-15T11:45:49 IST" name="run1" finished-at="2023-05-15T11:45:49 IST" duration-ms="0" status="PASS">
          <reporter-output>
          </reporter-output>
        </test-method> <!-- run1 -->
        <test-method signature="Q2_offer()[pri:14, instance:test_method.Pharmeasy_offermodule@69e153c5]" started-at="2023-05-15T11:45:49 IST" name="Q2_offer" finished-at="2023-05-15T11:45:50 IST" duration-ms="1085" status="PASS">
          <reporter-output>
          </reporter-output>
        </test-method> <!-- Q2_offer -->
        <test-method is-config="true" signature="run1()[pri:0, instance:test_method.Pharmeasy_offermodule@69e153c5]" started-at="2023-05-15T11:45:50 IST" name="run1" finished-at="2023-05-15T11:45:50 IST" duration-ms="1" status="PASS">
          <reporter-output>
          </reporter-output>
        </test-method> <!-- run1 -->
        <test-method signature="Q3_offer()[pri:15, instance:test_method.Pharmeasy_offermodule@69e153c5]" started-at="2023-05-15T11:45:50 IST" name="Q3_offer" finished-at="2023-05-15T11:45:51 IST" duration-ms="1085" status="PASS">
          <reporter-output>
          </reporter-output>
        </test-method> <!-- Q3_offer -->
        <test-method is-config="true" signature="run1()[pri:0, instance:test_method.Pharmeasy_offermodule@69e153c5]" started-at="2023-05-15T11:45:51 IST" name="run1" finished-at="2023-05-15T11:45:51 IST" duration-ms="0" status="PASS">
          <reporter-output>
          </reporter-output>
        </test-method> <!-- run1 -->
        <test-method is-config="true" signature="y()[pri:0, instance:test_method.Pharmeasy_offermodule@69e153c5]" started-at="2023-05-15T11:45:51 IST" name="y" finished-at="2023-05-15T11:45:51 IST" duration-ms="356" status="PASS">
          <reporter-output>
          </reporter-output>
        </test-method> <!-- y -->
        <test-method is-config="true" signature="close()[pri:0, instance:test_method.Pharmeasy_offermodule@69e153c5]" started-at="2023-05-15T11:45:51 IST" name="close" finished-at="2023-05-15T11:45:52 IST" duration-ms="299" status="PASS">
          <reporter-output>
          </reporter-output>
        </test-method> <!-- close -->
        <test-method is-config="true" signature="close1()[pri:0, instance:test_method.Pharmeasy_offermodule@69e153c5]" started-at="2023-05-15T11:45:52 IST" name="close1" finished-at="2023-05-15T11:45:52 IST" duration-ms="0" status="PASS">
          <reporter-output>
          </reporter-output>
        </test-method> <!-- close1 -->
      </class> <!-- test_method.Pharmeasy_offermodule -->
    </test> <!-- Default test -->
  </suite> <!-- Default suite -->
</testng-results>
